Dividend Yield Fetcher - 2025-09-26 18:00:05
============================================================
Found 9 active symbols

[1/9] Processing VAPX (VAPX.L)...
  [CALC] Calculated yield from dividend history: 3.10%
  [OK] Yield: 3.10% (Rate: 0.6799) GBP
[2/9] Processing VERX (VERX.L)...
  [CALC] Calculated yield from dividend history: 2.75%
  [OK] Yield: 2.75% (Rate: 1.0314) GBP
[3/9] Processing VEVE (VEVE.L)...
  [CALC] Calculated yield from dividend history: 1.44%
  [OK] Yield: 1.44% (Rate: 1.3231) GBP
[4/9] Processing VFEM (VFEM.L)...
  [CALC] Calculated yield from dividend history: 2.20%
  [OK] Yield: 2.20% (Rate: 1.1990) GBP
[5/9] Processing VHVG (VHVG.L)...
  [DEBUG] Has yield in info: False, Has dividend history: False
  [NO YIELD] No dividend yield data available
[6/9] Processing VJPN (VJPN.L)...
  [CALC] Calculated yield from dividend history: 1.80%
  [OK] Yield: 1.80% (Rate: 0.5754) GBP
[7/9] Processing VMID (VMID.L)...
  [OK] Yield: 3.78% GBP
[8/9] Processing VUKE (VUKE.L)...
  [OK] Yield: 3.25% GBP
[9/9] Processing VUSA (VUSA.L)...
  [CALC] Calculated yield from dividend history: 1.01%
  [OK] Yield: 1.01% (Rate: 0.9437) GBP

============================================================
SUMMARY
Symbols processed: 9/9
Successful: 8
No yield data: 1
Failed: 0
Completed at: 2025-09-26 18:00:16
Dividend Yield Fetcher - 2025-09-27 18:00:05
============================================================
Found 9 active symbols

[1/9] Processing VAPX (VAPX.L)...
  [CALC] Calculated yield from dividend history: 3.10%
  [OK] Yield: 3.10% (Rate: 0.6799) GBP
[2/9] Processing VERX (VERX.L)...
  [CALC] Calculated yield from dividend history: 2.75%
  [OK] Yield: 2.75% (Rate: 1.0314) GBP
[3/9] Processing VEVE (VEVE.L)...
  [CALC] Calculated yield from dividend history: 1.44%
  [OK] Yield: 1.44% (Rate: 1.3231) GBP
[4/9] Processing VFEM (VFEM.L)...
  [CALC] Calculated yield from dividend history: 2.20%
  [OK] Yield: 2.20% (Rate: 1.1990) GBP
[5/9] Processing VHVG (VHVG.L)...
  [DEBUG] Has yield in info: False, Has dividend history: False
  [NO YIELD] No dividend yield data available
[6/9] Processing VJPN (VJPN.L)...
  [CALC] Calculated yield from dividend history: 1.80%
  [OK] Yield: 1.80% (Rate: 0.5754) GBP
[7/9] Processing VMID (VMID.L)...
  [OK] Yield: 3.78% GBP
[8/9] Processing VUKE (VUKE.L)...
  [OK] Yield: 3.25% GBP
[9/9] Processing VUSA (VUSA.L)...
  [CALC] Calculated yield from dividend history: 1.01%
  [OK] Yield: 1.01% (Rate: 0.9437) GBP

============================================================
SUMMARY
Symbols processed: 9/9
Successful: 8
No yield data: 1
Failed: 0
Completed at: 2025-09-27 18:00:16
Dividend Yield Fetcher - 2025-09-28 18:00:05
============================================================
Found 9 active symbols

[1/9] Processing VAPX (VAPX.L)...
  [CALC] Calculated yield from dividend history: 3.10%
  [OK] Yield: 3.10% (Rate: 0.6799) GBP
[2/9] Processing VERX (VERX.L)...
  [CALC] Calculated yield from dividend history: 2.75%
  [OK] Yield: 2.75% (Rate: 1.0314) GBP
[3/9] Processing VEVE (VEVE.L)...
  [CALC] Calculated yield from dividend history: 1.44%
  [OK] Yield: 1.44% (Rate: 1.3231) GBP
[4/9] Processing VFEM (VFEM.L)...
  [CALC] Calculated yield from dividend history: 2.20%
  [OK] Yield: 2.20% (Rate: 1.1990) GBP
[5/9] Processing VHVG (VHVG.L)...
  [DEBUG] Has yield in info: False, Has dividend history: False
  [NO YIELD] No dividend yield data available
[6/9] Processing VJPN (VJPN.L)...
  [CALC] Calculated yield from dividend history: 1.80%
  [OK] Yield: 1.80% (Rate: 0.5754) GBP
[7/9] Processing VMID (VMID.L)...
  [OK] Yield: 3.78% GBP
[8/9] Processing VUKE (VUKE.L)...
  [OK] Yield: 3.25% GBP
[9/9] Processing VUSA (VUSA.L)...
  [CALC] Calculated yield from dividend history: 1.01%
  [OK] Yield: 1.01% (Rate: 0.9437) GBP

============================================================
SUMMARY
Symbols processed: 9/9
Successful: 8
No yield data: 1
Failed: 0
Completed at: 2025-09-28 18:00:15
