Daily Price Fetcher - 2025-09-30 18:00:05
============================================================
Target date: 2025-09-30 (Tuesday)
Found 9 active symbols

[1/9] Processing VAPX (VAPX.L)...
  [OK] Price: 22.252500534057617 GBP @ 2025-09-30 16:00:00 UTC
[2/9] Processing VERX (VERX.L)...
  [OK] Price: 37.79499816894531 GBP @ 2025-09-30 16:00:00 UTC
[3/9] Processing VEVE (VEVE.L)...
  [OK] Price: 91.98999786376953 GBP @ 2025-09-30 16:00:00 UTC
[4/9] Processing VFEM (VFEM.L)...
  [OK] Price: 55.150001525878906 GBP @ 2025-09-30 16:00:00 UTC
[5/9] Processing VHVG (VHVG.L)...
  [OK] Price: 95.95999908447266 GBP @ 2025-09-30 16:00:00 UTC
[6/9] Processing VJPN (VJPN.L)...
  [OK] Price: 31.6875 GBP @ 2025-09-30 16:00:00 UTC
[7/9] Processing VMID (VMID.L)...
  [OK] Price: 33.4900016784668 GBP @ 2025-09-30 16:00:00 UTC
[8/9] Processing VUKE (VUKE.L)...
  [OK] Price: 40.60499954223633 GBP @ 2025-09-30 16:00:00 UTC
[9/9] Processing VUSA (VUSA.L)...
  [OK] Price: 93.72750091552734 GBP @ 2025-09-30 16:00:00 UTC

============================================================
SUMMARY
Target date: 2025-09-30
Symbols processed: 9/9
Successful: 9
Failed: 0
Completed at: 2025-09-30 18:00:14


Daily Price Fetcher - 2025-09-29 18:00:04
============================================================
Target date: 2025-09-29 (Monday)
Found 9 active symbols

[1/9] Processing VAPX (VAPX.L)...
  [OK] Price: 22.360000610351562 GBP @ 2025-09-29 16:00:00 UTC
[2/9] Processing VERX (VERX.L)...
  [OK] Price: 37.70000076293945 GBP @ 2025-09-29 16:00:00 UTC
[3/9] Processing VEVE (VEVE.L)...
  [OK] Price: 92.16500091552734 GBP @ 2025-09-29 16:00:00 UTC
[4/9] Processing VFEM (VFEM.L)...
  [OK] Price: 55.130001068115234 GBP @ 2025-09-29 16:00:00 UTC
[5/9] Processing VHVG (VHVG.L)...
  [OK] Price: 96.19999694824219 GBP @ 2025-09-29 16:00:00 UTC
[6/9] Processing VJPN (VJPN.L)...
  [OK] Price: 31.987499237060547 GBP @ 2025-09-29 16:00:00 UTC
[7/9] Processing VMID (VMID.L)...
  [OK] Price: 33.279998779296875 GBP @ 2025-09-29 16:00:00 UTC
[8/9] Processing VUKE (VUKE.L)...
  [OK] Price: 40.38999938964844 GBP @ 2025-09-29 16:00:00 UTC
[9/9] Processing VUSA (VUSA.L)...
  [OK] Price: 93.94999694824219 GBP @ 2025-09-29 16:00:00 UTC

============================================================
SUMMARY
Target date: 2025-09-29
Symbols processed: 9/9
Successful: 9
Failed: 0
Completed at: 2025-09-29 18:00:13


Daily Price Fetcher - 2025-09-29 17:49:30
============================================================
Target date: 2025-09-29 (Monday)
Found 9 active symbols

[1/9] Processing VAPX (VAPX.L)...
  [OK] Price: 22.360000610351562 GBP @ 2025-09-29 16:00:00 UTC
[2/9] Processing VERX (VERX.L)...
  [OK] Price: 37.70000076293945 GBP @ 2025-09-29 16:00:00 UTC
[3/9] Processing VEVE (VEVE.L)...
  [OK] Price: 92.16500091552734 GBP @ 2025-09-29 16:00:00 UTC
[4/9] Processing VFEM (VFEM.L)...
  [OK] Price: 55.130001068115234 GBP @ 2025-09-29 16:00:00 UTC
[5/9] Processing VHVG (VHVG.L)...
  [OK] Price: 96.19999694824219 GBP @ 2025-09-29 16:00:00 UTC
[6/9] Processing VJPN (VJPN.L)...
  [OK] Price: 31.987499237060547 GBP @ 2025-09-29 16:00:00 UTC
[7/9] Processing VMID (VMID.L)...
  [OK] Price: 33.279998779296875 GBP @ 2025-09-29 16:00:00 UTC
[8/9] Processing VUKE (VUKE.L)...
  [OK] Price: 40.38999938964844 GBP @ 2025-09-29 16:00:00 UTC
[9/9] Processing VUSA (VUSA.L)...
  [OK] Price: 93.94999694824219 GBP @ 2025-09-29 16:00:00 UTC

============================================================
SUMMARY
Target date: 2025-09-29
Symbols processed: 9/9
Successful: 9
Failed: 0
Completed at: 2025-09-29 17:49:39