Dividend Yield Fetcher - 2025-09-30 18:00:05
============================================================
Found 9 active symbols

[1/9] Processing VAPX (VAPX.L)...
  [OK] Yield: 3.06% (Rate: 0.6799) GBP
[2/9] Processing VERX (VERX.L)...
  [OK] Yield: 2.73% (Rate: 1.0314) GBP
[3/9] Processing VEVE (VEVE.L)...
  [OK] Yield: 1.44% (Rate: 1.3231) GBP
[4/9] Processing VFEM (VFEM.L)...
  [OK] Yield: 2.17% (Rate: 1.1990) GBP
[5/9] Processing VHVG (VHVG.L)...
  [DEBUG] Has yield in info: False, Has dividend history: False
  [NO YIELD] No dividend yield data available
[6/9] Processing VJPN (VJPN.L)...
  [OK] Yield: 1.82% (Rate: 0.5754) GBP
[7/9] Processing VMID (VMID.L)...
  [OK] Yield: 3.78% GBP
[8/9] Processing VUKE (VUKE.L)...
  [OK] Yield: 3.25% GBP
[9/9] Processing VUSA (VUSA.L)...
  [OK] Yield: 1.01% (Rate: 0.9437) GBP

============================================================
SUMMARY
Symbols processed: 9/9
Successful: 8
No yield data: 1
Failed: 0
Completed at: 2025-09-30 18:00:16


Dividend Yield Fetcher - 2025-09-29 18:00:04
============================================================
Found 9 active symbols

[1/9] Processing VAPX (VAPX.L)...
  [OK] Yield: 3.04% (Rate: 0.6799) GBP
[2/9] Processing VERX (VERX.L)...
  [OK] Yield: 2.74% (Rate: 1.0314) GBP
[3/9] Processing VEVE (VEVE.L)...
  [OK] Yield: 1.44% (Rate: 1.3231) GBP
[4/9] Processing VFEM (VFEM.L)...
  [OK] Yield: 2.17% (Rate: 1.1990) GBP
[5/9] Processing VHVG (VHVG.L)...
  [DEBUG] Has yield in info: False, Has dividend history: False
  [NO YIELD] No dividend yield data available
[6/9] Processing VJPN (VJPN.L)...
  [OK] Yield: 1.80% (Rate: 0.5754) GBP
[7/9] Processing VMID (VMID.L)...
  [OK] Yield: 3.78% GBP
[8/9] Processing VUKE (VUKE.L)...
  [OK] Yield: 3.25% GBP
[9/9] Processing VUSA (VUSA.L)...
  [OK] Yield: 1.00% (Rate: 0.9437) GBP

============================================================
SUMMARY
Symbols processed: 9/9
Successful: 8
No yield data: 1
Failed: 0
Completed at: 2025-09-29 18:00:16


Dividend Yield Fetcher - 2025-09-29 17:47:57
============================================================
Found 9 active symbols

[1/9] Processing VAPX (VAPX.L)...
  [OK] Yield: 3.04% (Rate: 0.6799) GBP
[2/9] Processing VERX (VERX.L)...
  [OK] Yield: 2.74% (Rate: 1.0314) GBP
[3/9] Processing VEVE (VEVE.L)...
  [OK] Yield: 1.44% (Rate: 1.3231) GBP
[4/9] Processing VFEM (VFEM.L)...
  [OK] Yield: 2.17% (Rate: 1.1990) GBP
[5/9] Processing VHVG (VHVG.L)...
  [DEBUG] Has yield in info: False, Has dividend history: False
  [NO YIELD] No dividend yield data available
[6/9] Processing VJPN (VJPN.L)...
  [OK] Yield: 1.80% (Rate: 0.5754) GBP
[7/9] Processing VMID (VMID.L)...
  [OK] Yield: 3.78% GBP
[8/9] Processing VUKE (VUKE.L)...
  [OK] Yield: 3.25% GBP
[9/9] Processing VUSA (VUSA.L)...
  [OK] Yield: 1.00% (Rate: 0.9437) GBP

============================================================
SUMMARY
Symbols processed: 9/9
Successful: 8
No yield data: 1
Failed: 0
Completed at: 2025-09-29 17:48:08


Dividend Yield Fetcher - 2025-09-29 17:47:36
============================================================
Found 9 active symbols

[1/9] Processing VAPX (VAPX.L)...
  [OK] Yield: 3.04% (Rate: 0.6799) GBP
[2/9] Processing VERX (VERX.L)...
  [OK] Yield: 2.74% (Rate: 1.0314) GBP
[3/9] Processing VEVE (VEVE.L)...
  [OK] Yield: 1.44% (Rate: 1.3231) GBP
[4/9] Processing VFEM (VFEM.L)...
  [OK] Yield: 2.17% (Rate: 1.1990) GBP
[5/9] Processing VHVG (VHVG.L)...
  [DEBUG] Has yield in info: False, Has dividend history: False
  [NO YIELD] No dividend yield data available
[6/9] Processing VJPN (VJPN.L)...
  [OK] Yield: 1.80% (Rate: 0.5754) GBP
[7/9] Processing VMID (VMID.L)...
  [OK] Yield: 3.78% GBP
[8/9] Processing VUKE (VUKE.L)...
  [OK] Yield: 3.25% GBP
[9/9] Processing VUSA (VUSA.L)...
  [OK] Yield: 1.00% (Rate: 0.9437) GBP

============================================================
SUMMARY
Symbols processed: 9/9
Successful: 8
No yield data: 1
Failed: 0
Completed at: 2025-09-29 17:47:47